<?xml version="1.0" encoding="UTF-8"?>
<!-- Generated by org.testng.reporters.JUnitReportReporter -->
<testsuite skipped="0" hostname="Bsoft-66" name="com.learn.testcases.Login_Test_CRM" tests="1" failures="0" timestamp="06 Feb 2019 11:44:22 GMT" time="10.530" errors="0">
  <testcase name="LoginApp" time="10.530" classname="com.learn.testcases.Login_Test_CRM"/>
</testsuite> <!-- com.learn.testcases.Login_Test_CRM -->
