<?xml version="1.0" encoding="UTF-8"?>
<!-- Generated by org.testng.reporters.JUnitReportReporter -->
<testsuite skipped="0" hostname="Bsoft-66" name="com.learn.testcases.Login_Test_CRM" tests="1" failures="0" timestamp="08 Feb 2019 17:41:57 GMT" time="7.031" errors="0">
  <testcase name="LoginApp" time="7.031" classname="com.learn.testcases.Login_Test_CRM"/>
</testsuite> <!-- com.learn.testcases.Login_Test_CRM -->
